{"/Users/flaviajanine/Library/Mobile Documents/com~apple~CloudDocs/Documents/Personal/curso-testes-automatizados/Aula 1/circle.js": {"path":"/Users/flaviajanine/Library/Mobile Documents/com~apple~CloudDocs/Documents/Personal/curso-testes-automatizados/Aula 1/circle.js","statementMap":{"0":{"start":{"line":8,"column":8},"end":{"line":8,"column":29}},"1":{"start":{"line":9,"column":8},"end":{"line":9,"column":35}},"2":{"start":{"line":17,"column":38},"end":{"line":17,"column":63}},"3":{"start":{"line":18,"column":8},"end":{"line":18,"column":49}},"4":{"start":{"line":26,"column":29},"end":{"line":26,"column":64}},"5":{"start":{"line":27,"column":8},"end":{"line":27,"column":40}},"6":{"start":{"line":31,"column":0},"end":{"line":31,"column":24}}},"fnMap":{"0":{"name":"(anonymous_0)","decl":{"start":{"line":7,"column":4},"end":{"line":7,"column":5}},"loc":{"start":{"line":7,"column":24},"end":{"line":10,"column":5}},"line":7},"1":{"name":"(anonymous_1)","decl":{"start":{"line":16,"column":4},"end":{"line":16,"column":5}},"loc":{"start":{"line":16,"column":26},"end":{"line":19,"column":5}},"line":16},"2":{"name":"(anonymous_2)","decl":{"start":{"line":25,"column":4},"end":{"line":25,"column":5}},"loc":{"start":{"line":25,"column":17},"end":{"line":28,"column":5}},"line":25}},"branchMap":{},"s":{"0":2,"1":2,"2":4,"3":4,"4":1,"5":1,"6":1},"f":{"0":2,"1":4,"2":1},"b":{},"_coverageSchema":"1a1c01bbd47fc00a2c39e90264f33305004495a9","hash":"df8b64a9a85cd30083e777804039b441627fa922"}
}
